<?xml version="1.0" encoding="UTF-8"?>
<!-- Generated by org.testng.reporters.JUnitReportReporter -->
<testsuite skipped="1" hostname="SYB-LP-TEST-008" name="loginModule.LoginPage" tests="1" failures="0" timestamp="20 Feb 2018 12:00:43 GMT" time="0.000" errors="0">
  <testcase name="loginSingleUser" time="0.000" classname="loginModule.LoginPage">
    <skipped/>
  </testcase> <!-- loginSingleUser -->
</testsuite> <!-- loginModule.LoginPage -->
