<?xml version="1.0" encoding="UTF-8"?>
<!-- Generated by org.testng.reporters.JUnitReportReporter -->
<testsuite skipped="1" hostname="SYB-LP-TEST-008" name="mapFunctionality.SimpleSearch" tests="1" failures="0" timestamp="20 Feb 2018 12:00:42 GMT" time="0.000" errors="0">
  <testcase name="Search" time="0.000" classname="mapFunctionality.SimpleSearch">
    <skipped/>
  </testcase> <!-- Search -->
</testsuite> <!-- mapFunctionality.SimpleSearch -->
